<?xml version="1.0" encoding="UTF-8"?>
<testng-results ignored="0" total="2" passed="2" failed="0" skipped="0">
  <reporter-output>
  </reporter-output>
  <suite started-at="2021-08-16T14:38:50Z" name="Suite" finished-at="2021-08-16T14:38:58Z" duration-ms="8407">
    <groups>
    </groups>
    <test started-at="2021-08-16T14:38:50Z" name="Test" finished-at="2021-08-16T14:38:58Z" duration-ms="8407">
      <class name="P1.Demo1">
        <test-method signature="test()[pri:0, instance:P1.Demo1@5717c37]" started-at="2021-08-16T14:38:50Z" name="test" finished-at="2021-08-16T14:38:55Z" duration-ms="5380" status="PASS">
          <reporter-output>
          </reporter-output>
        </test-method> <!-- test -->
      </class> <!-- P1.Demo1 -->
      <class name="P1.Demo2">
        <test-method signature="test()[pri:0, instance:P1.Demo2@68f4865]" started-at="2021-08-16T14:38:55Z" name="test" finished-at="2021-08-16T14:38:58Z" duration-ms="3012" status="PASS">
          <reporter-output>
          </reporter-output>
        </test-method> <!-- test -->
      </class> <!-- P1.Demo2 -->
    </test> <!-- Test -->
  </suite> <!-- Suite -->
</testng-results>
